# JRE version: 7.0_11-b21
# Java VM: Java HotSpot(TM) 64-Bit Server VM (23.6-b04 mixed mode windows-amd64 compressed oops)
Heap
 PSYoungGen      total 35648K, used 18110K [0x00000000fa000000, 0x00000000fce00000, 0x0000000100000000)
  eden space 27520K, 41% used [0x00000000fa000000,0x00000000fab0d580,0x00000000fbae0000)
  from space 8128K, 83% used [0x00000000fbae0000,0x00000000fc182550,0x00000000fc2d0000)
  to   space 8576K, 0% used [0x00000000fc5a0000,0x00000000fc5a0000,0x00000000fce00000)
 ParOldGen       total 102208K, used 59747K [0x00000000e8000000, 0x00000000ee3d0000, 0x00000000fa000000)
  object space 102208K, 58% used [0x00000000e8000000,0x00000000eba58d50,0x00000000ee3d0000)
 PSPermGen       total 103296K, used 70161K [0x00000000e0000000, 0x00000000e64e0000, 0x00000000e8000000)
  object space 103296K, 67% used [0x00000000e0000000,0x00000000e4484568,0x00000000e64e0000)
GC Heap History (10 events):
Event: 5696.607 GC heap before
{Heap before GC invocations=352 (full 3):
 PSYoungGen      total 32704K, used 31590K [0x00000000fa000000, 0x00000000fc770000, 0x0000000100000000)
  eden space 26112K, 100% used [0x00000000fa000000,0x00000000fb980000,0x00000000fb980000)
  from space 6592K, 83% used [0x00000000fc050000,0x00000000fc5a98c0,0x00000000fc6c0000)
  to   space 6976K, 0% used [0x00000000fb980000,0x00000000fb980000,0x00000000fc050000)
 ParOldGen       total 102208K, used 58459K [0x00000000e8000000, 0x00000000ee3d0000, 0x00000000fa000000)
  object space 102208K, 57% used [0x00000000e8000000,0x00000000eb916d40,0x00000000ee3d0000)
 PSPermGen       total 103296K, used 68790K [0x00000000e0000000, 0x00000000e64e0000, 0x00000000e8000000)
  object space 103296K, 66% used [0x00000000e0000000,0x00000000e432dab0,0x00000000e64e0000)
Event: 5696.617 GC heap after
Heap after GC invocations=352 (full 3):
 PSYoungGen      total 33088K, used 5584K [0x00000000fa000000, 0x00000000fc820000, 0x0000000100000000)
  eden space 26112K, 0% used [0x00000000fa000000,0x00000000fa000000,0x00000000fb980000)
  from space 6976K, 80% used [0x00000000fb980000,0x00000000fbef4390,0x00000000fc050000)
  to   space 7296K, 0% used [0x00000000fc100000,0x00000000fc100000,0x00000000fc820000)
 ParOldGen       total 102208K, used 58459K [0x00000000e8000000, 0x00000000ee3d0000, 0x00000000fa000000)
  object space 102208K, 57% used [0x00000000e8000000,0x00000000eb916d40,0x00000000ee3d0000)
 PSPermGen       total 103296K, used 68790K [0x00000000e0000000, 0x00000000e64e0000, 0x00000000e8000000)
  object space 103296K, 66% used [0x00000000e0000000,0x00000000e432dab0,0x00000000e64e0000)
}
Event: 5696.842 GC heap before
{Heap before GC invocations=353 (full 3):
 PSYoungGen      total 33088K, used 31696K [0x00000000fa000000, 0x00000000fc820000, 0x0000000100000000)
  eden space 26112K, 100% used [0x00000000fa000000,0x00000000fb980000,0x00000000fb980000)
  from space 6976K, 80% used [0x00000000fb980000,0x00000000fbef4390,0x00000000fc050000)
  to   space 7296K, 0% used [0x00000000fc100000,0x00000000fc100000,0x00000000fc820000)
 ParOldGen       total 102208K, used 58459K [0x00000000e8000000, 0x00000000ee3d0000, 0x00000000fa000000)
  object space 102208K, 57% used [0x00000000e8000000,0x00000000eb916d40,0x00000000ee3d0000)
 PSPermGen       total 103296K, used 68794K [0x00000000e0000000, 0x00000000e64e0000, 0x00000000e8000000)
  object space 103296K, 66% used [0x00000000e0000000,0x00000000e432e800,0x00000000e64e0000)
Event: 5696.851 GC heap after
Heap after GC invocations=353 (full 3):
 PSYoungGen      total 33472K, used 5855K [0x00000000fa000000, 0x00000000fca70000, 0x0000000100000000)
  eden space 26176K, 0% used [0x00000000fa000000,0x00000000fa000000,0x00000000fb990000)
  from space 7296K, 80% used [0x00000000fc100000,0x00000000fc6b7d88,0x00000000fc820000)
  to   space 7616K, 0% used [0x00000000fb990000,0x00000000fb990000,0x00000000fc100000)
 ParOldGen       total 102208K, used 58483K [0x00000000e8000000, 0x00000000ee3d0000, 0x00000000fa000000)
  object space 102208K, 57% used [0x00000000e8000000,0x00000000eb91cd40,0x00000000ee3d0000)
 PSPermGen       total 103296K, used 68794K [0x00000000e0000000, 0x00000000e64e0000, 0x00000000e8000000)
  object space 103296K, 66% used [0x00000000e0000000,0x00000000e432e800,0x00000000e64e0000)
}
Event: 5718.789 GC heap before
{Heap before GC invocations=354 (full 3):
 PSYoungGen      total 33472K, used 32031K [0x00000000fa000000, 0x00000000fca70000, 0x0000000100000000)
  eden space 26176K, 100% used [0x00000000fa000000,0x00000000fb990000,0x00000000fb990000)
  from space 7296K, 80% used [0x00000000fc100000,0x00000000fc6b7d88,0x00000000fc820000)
  to   space 7616K, 0% used [0x00000000fb990000,0x00000000fb990000,0x00000000fc100000)
 ParOldGen       total 102208K, used 58483K [0x00000000e8000000, 0x00000000ee3d0000, 0x00000000fa000000)
  object space 102208K, 57% used [0x00000000e8000000,0x00000000eb91cd40,0x00000000ee3d0000)
 PSPermGen       total 103296K, used 68794K [0x00000000e0000000, 0x00000000e64e0000, 0x00000000e8000000)
  object space 103296K, 66% used [0x00000000e0000000,0x00000000e432eb18,0x00000000e64e0000)
Event: 5718.799 GC heap after
Heap after GC invocations=354 (full 3):
 PSYoungGen      total 33792K, used 5429K [0x00000000fa000000, 0x00000000fca50000, 0x0000000100000000)
  eden space 26176K, 0% used [0x00000000fa000000,0x00000000fa000000,0x00000000fb990000)
  from space 7616K, 71% used [0x00000000fb990000,0x00000000fbedd4f8,0x00000000fc100000)
  to   space 7680K, 0% used [0x00000000fc2d0000,0x00000000fc2d0000,0x00000000fca50000)
 ParOldGen       total 102208K, used 58763K [0x00000000e8000000, 0x00000000ee3d0000, 0x00000000fa000000)
  object space 102208K, 57% used [0x00000000e8000000,0x00000000eb962d40,0x00000000ee3d0000)
 PSPermGen       total 103296K, used 68794K [0x00000000e0000000, 0x00000000e64e0000, 0x00000000e8000000)
  object space 103296K, 66% used [0x00000000e0000000,0x00000000e432eb18,0x00000000e64e0000)
}
Event: 5726.363 GC heap before
{Heap before GC invocations=355 (full 3):
 PSYoungGen      total 33792K, used 31605K [0x00000000fa000000, 0x00000000fca50000, 0x0000000100000000)
  eden space 26176K, 100% used [0x00000000fa000000,0x00000000fb990000,0x00000000fb990000)
  from space 7616K, 71% used [0x00000000fb990000,0x00000000fbedd4f8,0x00000000fc100000)
  to   space 7680K, 0% used [0x00000000fc2d0000,0x00000000fc2d0000,0x00000000fca50000)
 ParOldGen       total 102208K, used 58763K [0x00000000e8000000, 0x00000000ee3d0000, 0x00000000fa000000)
  object space 102208K, 57% used [0x00000000e8000000,0x00000000eb962d40,0x00000000ee3d0000)
 PSPermGen       total 103296K, used 68907K [0x00000000e0000000, 0x00000000e64e0000, 0x00000000e8000000)
  object space 103296K, 66% used [0x00000000e0000000,0x00000000e434af38,0x00000000e64e0000)
Event: 5726.376 GC heap after
Heap after GC invocations=355 (full 3):
 PSYoungGen      total 35200K, used 6393K [0x00000000fa000000, 0x00000000fcaf0000, 0x0000000100000000)
  eden space 27520K, 0% used [0x00000000fa000000,0x00000000fa000000,0x00000000fbae0000)
  from space 7680K, 83% used [0x00000000fc2d0000,0x00000000fc90e648,0x00000000fca50000)
  to   space 8128K, 0% used [0x00000000fbae0000,0x00000000fbae0000,0x00000000fc2d0000)
 ParOldGen       total 102208K, used 59643K [0x00000000e8000000, 0x00000000ee3d0000, 0x00000000fa000000)
  object space 102208K, 58% used [0x00000000e8000000,0x00000000eba3ed50,0x00000000ee3d0000)
 PSPermGen       total 103296K, used 68907K [0x00000000e0000000, 0x00000000e64e0000, 0x00000000e8000000)
  object space 103296K, 66% used [0x00000000e0000000,0x00000000e434af38,0x00000000e64e0000)
}
Event: 5726.686 GC heap before
{Heap before GC invocations=356 (full 3):
 PSYoungGen      total 35200K, used 33913K [0x00000000fa000000, 0x00000000fcaf0000, 0x0000000100000000)
  eden space 27520K, 100% used [0x00000000fa000000,0x00000000fbae0000,0x00000000fbae0000)
  from space 7680K, 83% used [0x00000000fc2d0000,0x00000000fc90e648,0x00000000fca50000)
  to   space 8128K, 0% used [0x00000000fbae0000,0x00000000fbae0000,0x00000000fc2d0000)
 ParOldGen       total 102208K, used 59643K [0x00000000e8000000, 0x00000000ee3d0000, 0x00000000fa000000)
  object space 102208K, 58% used [0x00000000e8000000,0x00000000eba3ed50,0x00000000ee3d0000)
 PSPermGen       total 103296K, used 70140K [0x00000000e0000000, 0x00000000e64e0000, 0x00000000e8000000)
  object space 103296K, 67% used [0x00000000e0000000,0x00000000e447f2e0,0x00000000e64e0000)
Event: 5726.696 GC heap after
Heap after GC invocations=356 (full 3):
 PSYoungGen      total 35648K, used 6793K [0x00000000fa000000, 0x00000000fce00000, 0x0000000100000000)
  eden space 27520K, 0% used [0x00000000fa000000,0x00000000fa000000,0x00000000fbae0000)
  from space 8128K, 83% used [0x00000000fbae0000,0x00000000fc182550,0x00000000fc2d0000)
  to   space 8576K, 0% used [0x00000000fc5a0000,0x00000000fc5a0000,0x00000000fce00000)
 ParOldGen       total 102208K, used 59747K [0x00000000e8000000, 0x00000000ee3d0000, 0x00000000fa000000)
  object space 102208K, 58% used [0x00000000e8000000,0x00000000eba58d50,0x00000000ee3d0000)
 PSPermGen       total 103296K, used 70140K [0x00000000e0000000, 0x00000000e64e0000, 0x00000000e8000000)
  object space 103296K, 67% used [0x00000000e0000000,0x00000000e447f2e0,0x00000000e64e0000)
}

